<?xml version="1.0" encoding="UTF-8"?>
<testsuite xmlns:xsi="http://www.w3.org/2001/XMLSchema-instance" xsi:noNamespaceSchemaLocation="https://maven.apache.org/surefire/maven-surefire-plugin/xsd/surefire-test-report-3.0.xsd" version="3.0" name="com.testapp.automation.step_definitions.runners.Test_TestApp" time="72.716" tests="3" errors="0" skipped="0" failures="0">
  <properties>
    <property name="java.specification.version" value="18"/>
    <property name="sun.jnu.encoding" value="UTF-8"/>
    <property name="java.class.path" value="/Users/paladugupk/Desktop/Repo/buildops/testAppPrajwala/target/test-classes:/Users/paladugupk/Desktop/Repo/buildops/testAppPrajwala/target/classes:/Users/paladugupk/.m2/repository/org/seleniumhq/selenium/selenium-chrome-driver/3.9.1/selenium-chrome-driver-3.9.1.jar:/Users/paladugupk/.m2/repository/net/bytebuddy/byte-buddy/1.7.9/byte-buddy-1.7.9.jar:/Users/paladugupk/.m2/repository/org/apache/commons/commons-exec/1.3/commons-exec-1.3.jar:/Users/paladugupk/.m2/repository/commons-codec/commons-codec/1.10/commons-codec-1.10.jar:/Users/paladugupk/.m2/repository/commons-logging/commons-logging/1.2/commons-logging-1.2.jar:/Users/paladugupk/.m2/repository/com/google/code/gson/gson/2.8.2/gson-2.8.2.jar:/Users/paladugupk/.m2/repository/com/google/guava/guava/23.6-jre/guava-23.6-jre.jar:/Users/paladugupk/.m2/repository/com/google/code/findbugs/jsr305/1.3.9/jsr305-1.3.9.jar:/Users/paladugupk/.m2/repository/org/checkerframework/checker-compat-qual/2.0.0/checker-compat-qual-2.0.0.jar:/Users/paladugupk/.m2/repository/com/google/errorprone/error_prone_annotations/2.1.3/error_prone_annotations-2.1.3.jar:/Users/paladugupk/.m2/repository/com/google/j2objc/j2objc-annotations/1.1/j2objc-annotations-1.1.jar:/Users/paladugupk/.m2/repository/org/codehaus/mojo/animal-sniffer-annotations/1.14/animal-sniffer-annotations-1.14.jar:/Users/paladugupk/.m2/repository/org/apache/httpcomponents/httpcore/4.4.6/httpcore-4.4.6.jar:/Users/paladugupk/.m2/repository/com/squareup/okhttp3/okhttp/3.9.1/okhttp-3.9.1.jar:/Users/paladugupk/.m2/repository/com/squareup/okio/okio/1.13.0/okio-1.13.0.jar:/Users/paladugupk/.m2/repository/org/seleniumhq/selenium/selenium-api/3.9.1/selenium-api-3.9.1.jar:/Users/paladugupk/.m2/repository/io/cucumber/cucumber-core/4.8.1/cucumber-core-4.8.1.jar:/Users/paladugupk/.m2/repository/io/cucumber/gherkin/5.1.0/gherkin-5.1.0.jar:/Users/paladugupk/.m2/repository/io/cucumber/tag-expressions/1.1.1/tag-expressions-1.1.1.jar:/Users/paladugupk/.m2/repository/io/cucumber/cucumber-expressions/7.0.2/cucumber-expressions-7.0.2.jar:/Users/paladugupk/.m2/repository/io/cucumber/datatable/1.1.14/datatable-1.1.14.jar:/Users/paladugupk/.m2/repository/io/cucumber/datatable-dependencies/1.1.14/datatable-dependencies-1.1.14.jar:/Users/paladugupk/.m2/repository/org/apiguardian/apiguardian-api/1.1.0/apiguardian-api-1.1.0.jar:/Users/paladugupk/.m2/repository/io/cucumber/cucumber-junit/4.8.1/cucumber-junit-4.8.1.jar:/Users/paladugupk/.m2/repository/junit/junit/4.12/junit-4.12.jar:/Users/paladugupk/.m2/repository/org/seleniumhq/selenium/selenium-support/3.9.1/selenium-support-3.9.1.jar:/Users/paladugupk/.m2/repository/io/cucumber/cucumber-picocontainer/4.8.1/cucumber-picocontainer-4.8.1.jar:/Users/paladugupk/.m2/repository/org/picocontainer/picocontainer/2.15/picocontainer-2.15.jar:/Users/paladugupk/.m2/repository/commons-io/commons-io/2.8.0/commons-io-2.8.0.jar:/Users/paladugupk/.m2/repository/com/ibm/icu/icu4j/68.2/icu4j-68.2.jar:/Users/paladugupk/.m2/repository/com/googlecode/json-simple/json-simple/1.1.1/json-simple-1.1.1.jar:/Users/paladugupk/.m2/repository/org/codehaus/mojo/exec-maven-plugin/3.0.0/exec-maven-plugin-3.0.0.jar:/Users/paladugupk/.m2/repository/org/apache/maven/maven-model/3.0/maven-model-3.0.jar:/Users/paladugupk/.m2/repository/org/apache/maven/maven-artifact/3.0/maven-artifact-3.0.jar:/Users/paladugupk/.m2/repository/org/apache/maven/maven-core/3.0/maven-core-3.0.jar:/Users/paladugupk/.m2/repository/org/apache/maven/maven-settings/3.0/maven-settings-3.0.jar:/Users/paladugupk/.m2/repository/org/apache/maven/maven-settings-builder/3.0/maven-settings-builder-3.0.jar:/Users/paladugupk/.m2/repository/org/apache/maven/maven-repository-metadata/3.0/maven-repository-metadata-3.0.jar:/Users/paladugupk/.m2/repository/org/apache/maven/maven-model-builder/3.0/maven-model-builder-3.0.jar:/Users/paladugupk/.m2/repository/org/apache/maven/maven-aether-provider/3.0/maven-aether-provider-3.0.jar:/Users/paladugupk/.m2/repository/org/sonatype/aether/aether-impl/1.7/aether-impl-1.7.jar:/Users/paladugupk/.m2/repository/org/sonatype/aether/aether-spi/1.7/aether-spi-1.7.jar:/Users/paladugupk/.m2/repository/org/sonatype/aether/aether-api/1.7/aether-api-1.7.jar:/Users/paladugupk/.m2/repository/org/sonatype/aether/aether-util/1.7/aether-util-1.7.jar:/Users/paladugupk/.m2/repository/org/sonatype/sisu/sisu-inject-plexus/1.4.2/sisu-inject-plexus-1.4.2.jar:/Users/paladugupk/.m2/repository/org/sonatype/sisu/sisu-inject-bean/1.4.2/sisu-inject-bean-1.4.2.jar:/Users/paladugupk/.m2/repository/org/sonatype/sisu/sisu-guice/2.1.7/sisu-guice-2.1.7-noaop.jar:/Users/paladugupk/.m2/repository/org/codehaus/plexus/plexus-interpolation/1.14/plexus-interpolation-1.14.jar:/Users/paladugupk/.m2/repository/org/codehaus/plexus/plexus-classworlds/2.2.3/plexus-classworlds-2.2.3.jar:/Users/paladugupk/.m2/repository/org/codehaus/plexus/plexus-component-annotations/1.5.5/plexus-component-annotations-1.5.5.jar:/Users/paladugupk/.m2/repository/org/sonatype/plexus/plexus-sec-dispatcher/1.3/plexus-sec-dispatcher-1.3.jar:/Users/paladugupk/.m2/repository/org/sonatype/plexus/plexus-cipher/1.4/plexus-cipher-1.4.jar:/Users/paladugupk/.m2/repository/org/apache/maven/maven-plugin-api/3.0/maven-plugin-api-3.0.jar:/Users/paladugupk/.m2/repository/org/codehaus/plexus/plexus-utils/3.0.20/plexus-utils-3.0.20.jar:/Users/paladugupk/.m2/repository/org/apache/maven/shared/maven-artifact-transfer/0.10.1/maven-artifact-transfer-0.10.1.jar:/Users/paladugupk/.m2/repository/org/apache/maven/shared/maven-common-artifact-filters/3.0.1/maven-common-artifact-filters-3.0.1.jar:/Users/paladugupk/.m2/repository/org/apache/maven/shared/maven-shared-utils/3.1.0/maven-shared-utils-3.1.0.jar:/Users/paladugupk/.m2/repository/org/slf4j/slf4j-api/1.7.5/slf4j-api-1.7.5.jar:/Users/paladugupk/.m2/repository/org/apache/httpcomponents/httpclient/4.5.13/httpclient-4.5.13.jar:/Users/paladugupk/.m2/repository/org/seleniumhq/selenium/selenium-remote-driver/3.9.1/selenium-remote-driver-3.9.1.jar:/Users/paladugupk/.m2/repository/org/seleniumhq/selenium/selenium-firefox-driver/3.9.1/selenium-firefox-driver-3.9.1.jar:/Users/paladugupk/.m2/repository/org/seleniumhq/selenium/selenium-ie-driver/3.9.1/selenium-ie-driver-3.9.1.jar:/Users/paladugupk/.m2/repository/org/seleniumhq/selenium/selenium-edge-driver/3.9.1/selenium-edge-driver-3.9.1.jar:/Users/paladugupk/.m2/repository/org/seleniumhq/selenium/selenium-safari-driver/3.9.1/selenium-safari-driver-3.9.1.jar:/Users/paladugupk/.m2/repository/ru/yandex/qatools/ashot/ashot/1.5.4/ashot-1.5.4.jar:/Users/paladugupk/.m2/repository/org/hamcrest/hamcrest-core/1.3/hamcrest-core-1.3.jar:/Users/paladugupk/.m2/repository/com/deque/html/axe-core/selenium/4.2.1/selenium-4.2.1.jar:/Users/paladugupk/.m2/repository/org/seleniumhq/selenium/selenium-java/3.141.59/selenium-java-3.141.59.jar:/Users/paladugupk/.m2/repository/org/seleniumhq/selenium/selenium-opera-driver/3.141.59/selenium-opera-driver-3.141.59.jar:/Users/paladugupk/.m2/repository/io/github/bonigarcia/webdrivermanager/4.2.2/webdrivermanager-4.2.2.jar:/Users/paladugupk/.m2/repository/org/apache/httpcomponents/client5/httpclient5/5.0.1/httpclient5-5.0.1.jar:/Users/paladugupk/.m2/repository/org/apache/httpcomponents/core5/httpcore5/5.0.1/httpcore5-5.0.1.jar:/Users/paladugupk/.m2/repository/org/apache/httpcomponents/core5/httpcore5-h2/5.0.1/httpcore5-h2-5.0.1.jar:/Users/paladugupk/.m2/repository/org/rauschig/jarchivelib/1.1.0/jarchivelib-1.1.0.jar:/Users/paladugupk/.m2/repository/org/apache/commons/commons-compress/1.20/commons-compress-1.20.jar:/Users/paladugupk/.m2/repository/org/jsoup/jsoup/1.13.1/jsoup-1.13.1.jar:/Users/paladugupk/.m2/repository/org/json/json/20200518/json-20200518.jar:/Users/paladugupk/.m2/repository/org/apache/commons/commons-lang3/3.11/commons-lang3-3.11.jar:/Users/paladugupk/.m2/repository/com/fasterxml/jackson/core/jackson-databind/2.11.1/jackson-databind-2.11.1.jar:/Users/paladugupk/.m2/repository/com/fasterxml/jackson/core/jackson-annotations/2.11.1/jackson-annotations-2.11.1.jar:/Users/paladugupk/.m2/repository/com/fasterxml/jackson/core/jackson-core/2.11.1/jackson-core-2.11.1.jar:/Users/paladugupk/.m2/repository/org/apache/commons/commons-text/1.9/commons-text-1.9.jar:/Users/paladugupk/.m2/repository/io/cucumber/cucumber-java/4.8.1/cucumber-java-4.8.1.jar:/Users/paladugupk/.m2/repository/org/jetbrains/kotlin/kotlin-stdlib-jdk8/1.3.61/kotlin-stdlib-jdk8-1.3.61.jar:/Users/paladugupk/.m2/repository/org/jetbrains/kotlin/kotlin-stdlib/1.3.61/kotlin-stdlib-1.3.61.jar:/Users/paladugupk/.m2/repository/org/jetbrains/kotlin/kotlin-stdlib-common/1.3.61/kotlin-stdlib-common-1.3.61.jar:/Users/paladugupk/.m2/repository/org/jetbrains/annotations/13.0/annotations-13.0.jar:/Users/paladugupk/.m2/repository/org/jetbrains/kotlin/kotlin-stdlib-jdk7/1.3.61/kotlin-stdlib-jdk7-1.3.61.jar:/Users/paladugupk/.m2/repository/org/jetbrains/kotlin/kotlin-test/1.3.61/kotlin-test-1.3.61.jar:/Users/paladugupk/.m2/repository/org/jetbrains/kotlin/kotlin-test-common/1.3.61/kotlin-test-common-1.3.61.jar:"/>
    <property name="java.vm.vendor" value="Homebrew"/>
    <property name="sun.arch.data.model" value="64"/>
    <property name="testingUrl" value="https://previewautomationtestprajwala.tapdemo.com/"/>
    <property name="java.vendor.url" value="https://github.com/Homebrew/homebrew-core/issues"/>
    <property name="browserName" value="chrome"/>
    <property name="os.name" value="Mac OS X"/>
    <property name="java.vm.specification.version" value="18"/>
    <property name="sun.java.launcher" value="SUN_STANDARD"/>
    <property name="user.country" value="CA"/>
    <property name="sun.boot.library.path" value="/usr/local/Cellar/openjdk/18/libexec/openjdk.jdk/Contents/Home/lib"/>
    <property name="sun.java.command" value="/Users/paladugupk/Desktop/Repo/buildops/testAppPrajwala/target/surefire/surefirebooter16450951374044986175.jar /Users/paladugupk/Desktop/Repo/buildops/testAppPrajwala/target/surefire 2023-07-03T00-08-12_745-jvmRun1 surefire3117685688568475816tmp surefire_017927530969621548611tmp"/>
    <property name="http.nonProxyHosts" value="local|*.local|169.254/16|*.169.254/16"/>
    <property name="jdk.debug" value="release"/>
    <property name="surefire.test.class.path" value="/Users/paladugupk/Desktop/Repo/buildops/testAppPrajwala/target/test-classes:/Users/paladugupk/Desktop/Repo/buildops/testAppPrajwala/target/classes:/Users/paladugupk/.m2/repository/org/seleniumhq/selenium/selenium-chrome-driver/3.9.1/selenium-chrome-driver-3.9.1.jar:/Users/paladugupk/.m2/repository/net/bytebuddy/byte-buddy/1.7.9/byte-buddy-1.7.9.jar:/Users/paladugupk/.m2/repository/org/apache/commons/commons-exec/1.3/commons-exec-1.3.jar:/Users/paladugupk/.m2/repository/commons-codec/commons-codec/1.10/commons-codec-1.10.jar:/Users/paladugupk/.m2/repository/commons-logging/commons-logging/1.2/commons-logging-1.2.jar:/Users/paladugupk/.m2/repository/com/google/code/gson/gson/2.8.2/gson-2.8.2.jar:/Users/paladugupk/.m2/repository/com/google/guava/guava/23.6-jre/guava-23.6-jre.jar:/Users/paladugupk/.m2/repository/com/google/code/findbugs/jsr305/1.3.9/jsr305-1.3.9.jar:/Users/paladugupk/.m2/repository/org/checkerframework/checker-compat-qual/2.0.0/checker-compat-qual-2.0.0.jar:/Users/paladugupk/.m2/repository/com/google/errorprone/error_prone_annotations/2.1.3/error_prone_annotations-2.1.3.jar:/Users/paladugupk/.m2/repository/com/google/j2objc/j2objc-annotations/1.1/j2objc-annotations-1.1.jar:/Users/paladugupk/.m2/repository/org/codehaus/mojo/animal-sniffer-annotations/1.14/animal-sniffer-annotations-1.14.jar:/Users/paladugupk/.m2/repository/org/apache/httpcomponents/httpcore/4.4.6/httpcore-4.4.6.jar:/Users/paladugupk/.m2/repository/com/squareup/okhttp3/okhttp/3.9.1/okhttp-3.9.1.jar:/Users/paladugupk/.m2/repository/com/squareup/okio/okio/1.13.0/okio-1.13.0.jar:/Users/paladugupk/.m2/repository/org/seleniumhq/selenium/selenium-api/3.9.1/selenium-api-3.9.1.jar:/Users/paladugupk/.m2/repository/io/cucumber/cucumber-core/4.8.1/cucumber-core-4.8.1.jar:/Users/paladugupk/.m2/repository/io/cucumber/gherkin/5.1.0/gherkin-5.1.0.jar:/Users/paladugupk/.m2/repository/io/cucumber/tag-expressions/1.1.1/tag-expressions-1.1.1.jar:/Users/paladugupk/.m2/repository/io/cucumber/cucumber-expressions/7.0.2/cucumber-expressions-7.0.2.jar:/Users/paladugupk/.m2/repository/io/cucumber/datatable/1.1.14/datatable-1.1.14.jar:/Users/paladugupk/.m2/repository/io/cucumber/datatable-dependencies/1.1.14/datatable-dependencies-1.1.14.jar:/Users/paladugupk/.m2/repository/org/apiguardian/apiguardian-api/1.1.0/apiguardian-api-1.1.0.jar:/Users/paladugupk/.m2/repository/io/cucumber/cucumber-junit/4.8.1/cucumber-junit-4.8.1.jar:/Users/paladugupk/.m2/repository/junit/junit/4.12/junit-4.12.jar:/Users/paladugupk/.m2/repository/org/seleniumhq/selenium/selenium-support/3.9.1/selenium-support-3.9.1.jar:/Users/paladugupk/.m2/repository/io/cucumber/cucumber-picocontainer/4.8.1/cucumber-picocontainer-4.8.1.jar:/Users/paladugupk/.m2/repository/org/picocontainer/picocontainer/2.15/picocontainer-2.15.jar:/Users/paladugupk/.m2/repository/commons-io/commons-io/2.8.0/commons-io-2.8.0.jar:/Users/paladugupk/.m2/repository/com/ibm/icu/icu4j/68.2/icu4j-68.2.jar:/Users/paladugupk/.m2/repository/com/googlecode/json-simple/json-simple/1.1.1/json-simple-1.1.1.jar:/Users/paladugupk/.m2/repository/org/codehaus/mojo/exec-maven-plugin/3.0.0/exec-maven-plugin-3.0.0.jar:/Users/paladugupk/.m2/repository/org/apache/maven/maven-model/3.0/maven-model-3.0.jar:/Users/paladugupk/.m2/repository/org/apache/maven/maven-artifact/3.0/maven-artifact-3.0.jar:/Users/paladugupk/.m2/repository/org/apache/maven/maven-core/3.0/maven-core-3.0.jar:/Users/paladugupk/.m2/repository/org/apache/maven/maven-settings/3.0/maven-settings-3.0.jar:/Users/paladugupk/.m2/repository/org/apache/maven/maven-settings-builder/3.0/maven-settings-builder-3.0.jar:/Users/paladugupk/.m2/repository/org/apache/maven/maven-repository-metadata/3.0/maven-repository-metadata-3.0.jar:/Users/paladugupk/.m2/repository/org/apache/maven/maven-model-builder/3.0/maven-model-builder-3.0.jar:/Users/paladugupk/.m2/repository/org/apache/maven/maven-aether-provider/3.0/maven-aether-provider-3.0.jar:/Users/paladugupk/.m2/repository/org/sonatype/aether/aether-impl/1.7/aether-impl-1.7.jar:/Users/paladugupk/.m2/repository/org/sonatype/aether/aether-spi/1.7/aether-spi-1.7.jar:/Users/paladugupk/.m2/repository/org/sonatype/aether/aether-api/1.7/aether-api-1.7.jar:/Users/paladugupk/.m2/repository/org/sonatype/aether/aether-util/1.7/aether-util-1.7.jar:/Users/paladugupk/.m2/repository/org/sonatype/sisu/sisu-inject-plexus/1.4.2/sisu-inject-plexus-1.4.2.jar:/Users/paladugupk/.m2/repository/org/sonatype/sisu/sisu-inject-bean/1.4.2/sisu-inject-bean-1.4.2.jar:/Users/paladugupk/.m2/repository/org/sonatype/sisu/sisu-guice/2.1.7/sisu-guice-2.1.7-noaop.jar:/Users/paladugupk/.m2/repository/org/codehaus/plexus/plexus-interpolation/1.14/plexus-interpolation-1.14.jar:/Users/paladugupk/.m2/repository/org/codehaus/plexus/plexus-classworlds/2.2.3/plexus-classworlds-2.2.3.jar:/Users/paladugupk/.m2/repository/org/codehaus/plexus/plexus-component-annotations/1.5.5/plexus-component-annotations-1.5.5.jar:/Users/paladugupk/.m2/repository/org/sonatype/plexus/plexus-sec-dispatcher/1.3/plexus-sec-dispatcher-1.3.jar:/Users/paladugupk/.m2/repository/org/sonatype/plexus/plexus-cipher/1.4/plexus-cipher-1.4.jar:/Users/paladugupk/.m2/repository/org/apache/maven/maven-plugin-api/3.0/maven-plugin-api-3.0.jar:/Users/paladugupk/.m2/repository/org/codehaus/plexus/plexus-utils/3.0.20/plexus-utils-3.0.20.jar:/Users/paladugupk/.m2/repository/org/apache/maven/shared/maven-artifact-transfer/0.10.1/maven-artifact-transfer-0.10.1.jar:/Users/paladugupk/.m2/repository/org/apache/maven/shared/maven-common-artifact-filters/3.0.1/maven-common-artifact-filters-3.0.1.jar:/Users/paladugupk/.m2/repository/org/apache/maven/shared/maven-shared-utils/3.1.0/maven-shared-utils-3.1.0.jar:/Users/paladugupk/.m2/repository/org/slf4j/slf4j-api/1.7.5/slf4j-api-1.7.5.jar:/Users/paladugupk/.m2/repository/org/apache/httpcomponents/httpclient/4.5.13/httpclient-4.5.13.jar:/Users/paladugupk/.m2/repository/org/seleniumhq/selenium/selenium-remote-driver/3.9.1/selenium-remote-driver-3.9.1.jar:/Users/paladugupk/.m2/repository/org/seleniumhq/selenium/selenium-firefox-driver/3.9.1/selenium-firefox-driver-3.9.1.jar:/Users/paladugupk/.m2/repository/org/seleniumhq/selenium/selenium-ie-driver/3.9.1/selenium-ie-driver-3.9.1.jar:/Users/paladugupk/.m2/repository/org/seleniumhq/selenium/selenium-edge-driver/3.9.1/selenium-edge-driver-3.9.1.jar:/Users/paladugupk/.m2/repository/org/seleniumhq/selenium/selenium-safari-driver/3.9.1/selenium-safari-driver-3.9.1.jar:/Users/paladugupk/.m2/repository/ru/yandex/qatools/ashot/ashot/1.5.4/ashot-1.5.4.jar:/Users/paladugupk/.m2/repository/org/hamcrest/hamcrest-core/1.3/hamcrest-core-1.3.jar:/Users/paladugupk/.m2/repository/com/deque/html/axe-core/selenium/4.2.1/selenium-4.2.1.jar:/Users/paladugupk/.m2/repository/org/seleniumhq/selenium/selenium-java/3.141.59/selenium-java-3.141.59.jar:/Users/paladugupk/.m2/repository/org/seleniumhq/selenium/selenium-opera-driver/3.141.59/selenium-opera-driver-3.141.59.jar:/Users/paladugupk/.m2/repository/io/github/bonigarcia/webdrivermanager/4.2.2/webdrivermanager-4.2.2.jar:/Users/paladugupk/.m2/repository/org/apache/httpcomponents/client5/httpclient5/5.0.1/httpclient5-5.0.1.jar:/Users/paladugupk/.m2/repository/org/apache/httpcomponents/core5/httpcore5/5.0.1/httpcore5-5.0.1.jar:/Users/paladugupk/.m2/repository/org/apache/httpcomponents/core5/httpcore5-h2/5.0.1/httpcore5-h2-5.0.1.jar:/Users/paladugupk/.m2/repository/org/rauschig/jarchivelib/1.1.0/jarchivelib-1.1.0.jar:/Users/paladugupk/.m2/repository/org/apache/commons/commons-compress/1.20/commons-compress-1.20.jar:/Users/paladugupk/.m2/repository/org/jsoup/jsoup/1.13.1/jsoup-1.13.1.jar:/Users/paladugupk/.m2/repository/org/json/json/20200518/json-20200518.jar:/Users/paladugupk/.m2/repository/org/apache/commons/commons-lang3/3.11/commons-lang3-3.11.jar:/Users/paladugupk/.m2/repository/com/fasterxml/jackson/core/jackson-databind/2.11.1/jackson-databind-2.11.1.jar:/Users/paladugupk/.m2/repository/com/fasterxml/jackson/core/jackson-annotations/2.11.1/jackson-annotations-2.11.1.jar:/Users/paladugupk/.m2/repository/com/fasterxml/jackson/core/jackson-core/2.11.1/jackson-core-2.11.1.jar:/Users/paladugupk/.m2/repository/org/apache/commons/commons-text/1.9/commons-text-1.9.jar:/Users/paladugupk/.m2/repository/io/cucumber/cucumber-java/4.8.1/cucumber-java-4.8.1.jar:/Users/paladugupk/.m2/repository/org/jetbrains/kotlin/kotlin-stdlib-jdk8/1.3.61/kotlin-stdlib-jdk8-1.3.61.jar:/Users/paladugupk/.m2/repository/org/jetbrains/kotlin/kotlin-stdlib/1.3.61/kotlin-stdlib-1.3.61.jar:/Users/paladugupk/.m2/repository/org/jetbrains/kotlin/kotlin-stdlib-common/1.3.61/kotlin-stdlib-common-1.3.61.jar:/Users/paladugupk/.m2/repository/org/jetbrains/annotations/13.0/annotations-13.0.jar:/Users/paladugupk/.m2/repository/org/jetbrains/kotlin/kotlin-stdlib-jdk7/1.3.61/kotlin-stdlib-jdk7-1.3.61.jar:/Users/paladugupk/.m2/repository/org/jetbrains/kotlin/kotlin-test/1.3.61/kotlin-test-1.3.61.jar:/Users/paladugupk/.m2/repository/org/jetbrains/kotlin/kotlin-test-common/1.3.61/kotlin-test-common-1.3.61.jar:"/>
    <property name="sun.cpu.endian" value="little"/>
    <property name="user.home" value="/Users/paladugupk"/>
    <property name="user.language" value="en"/>
    <property name="java.specification.vendor" value="Oracle Corporation"/>
    <property name="java.version.date" value="2022-03-22"/>
    <property name="java.home" value="/usr/local/Cellar/openjdk/18/libexec/openjdk.jdk/Contents/Home"/>
    <property name="file.separator" value="/"/>
    <property name="basedir" value="/Users/paladugupk/Desktop/Repo/buildops/testAppPrajwala"/>
    <property name="java.vm.compressedOopsMode" value="Zero based"/>
    <property name="line.separator" value="&#10;"/>
    <property name="java.vm.specification.vendor" value="Oracle Corporation"/>
    <property name="java.specification.name" value="Java Platform API Specification"/>
    <property name="apple.awt.application.name" value="ForkedBooter"/>
    <property name="surefire.real.class.path" value="/Users/paladugupk/Desktop/Repo/buildops/testAppPrajwala/target/surefire/surefirebooter16450951374044986175.jar"/>
    <property name="databaseSchema" value="MY_TEST_SCHEMA_1"/>
    <property name="sun.management.compiler" value="HotSpot 64-Bit Tiered Compilers"/>
    <property name="ftp.nonProxyHosts" value="local|*.local|169.254/16|*.169.254/16"/>
    <property name="java.runtime.version" value="18+0"/>
    <property name="user.name" value="paladugupk"/>
    <property name="path.separator" value=":"/>
    <property name="os.version" value="11.2.3"/>
    <property name="headlessBrowser" value="False"/>
    <property name="java.runtime.name" value="OpenJDK Runtime Environment"/>
    <property name="file.encoding" value="UTF-8"/>
    <property name="java.vm.name" value="OpenJDK 64-Bit Server VM"/>
    <property name="java.vendor.version" value="Homebrew"/>
    <property name="localRepository" value="/Users/paladugupk/.m2/repository"/>
    <property name="cucumber.options" value="--tags @regression --tags &apos;not @knownBug&apos; --tags &apos;not @issue&apos;"/>
    <property name="java.vendor.url.bug" value="https://github.com/Homebrew/homebrew-core/issues"/>
    <property name="java.io.tmpdir" value="/var/folders/56/77_5ns4n2fxctm_mwhtgyl040000gp/T/"/>
    <property name="java.version" value="18"/>
    <property name="user.dir" value="/Users/paladugupk/Desktop/Repo/buildops/testAppPrajwala"/>
    <property name="os.arch" value="x86_64"/>
    <property name="java.vm.specification.name" value="Java Virtual Machine Specification"/>
    <property name="native.encoding" value="UTF-8"/>
    <property name="java.library.path" value="/Users/paladugupk/Library/Java/Extensions:/Library/Java/Extensions:/Network/Library/Java/Extensions:/System/Library/Java/Extensions:/usr/lib/java:."/>
    <property name="java.vm.info" value="mixed mode, sharing"/>
    <property name="java.vendor" value="Homebrew"/>
    <property name="java.vm.version" value="18+0"/>
    <property name="sun.io.unicode.encoding" value="UnicodeBig"/>
    <property name="socksNonProxyHosts" value="local|*.local|169.254/16|*.169.254/16"/>
    <property name="java.class.version" value="62.0"/>
  </properties>
  <testcase name="1-Validate the welcome message change" classname="Testing TestApp admin application" time="24.825">
    <system-out><![CDATA[@testApps @regression @smoke
Feature: Testing TestApp admin application

  Background: User is Logged In                                # src/main/resources/features/TestApp.feature:5
Tests are running on Chrome in PC mode.
Chrome is Not Headless
    Given the user navigate to environment                     # NavigationSteps.theUserNavigateToEnvironment()
    When the user enters username "prajwala.r.122@outlook.com" # TestAppLoginSteps.theUserEntersUserName(String)
    When the user enters password "tapclicks"                  # TestAppLoginSteps.theUserEntersPassword(String)
    Then click on login button                                 # TestAppLoginSteps.clickOnLoginButton()
    When user clicks on admin nav                              # TestAppAdminSteps.userClicksOnAdminNav()
    And click on platform settings                             # TestAppAdminSteps.clickOnPlatformSettings()

  @testApps @regression @smoke @testApps1
  Scenario: 1-Validate the welcome message change # src/main/resources/features/TestApp.feature:14
    Then update the welcome message               # TestAppAdminSteps.updateTheWelcomeMessage()
    And take the screenshot                       # TestAppLoginSteps.takeTheScreenshot()
    And click on save button                      # TestAppAdminSteps.clickOnSaveButton()
    When the user is logged out                   # TestAppLoginSteps.theUserIsLoggedOut()
    Then validate the welcome message             # TestAppAdminSteps.validateTheWelcomeMessage()
    And take the screenshot                       # TestAppLoginSteps.takeTheScreenshot()
]]></system-out>
    <system-err><![CDATA[Jul. 03, 2023 12:08:13 A.M. cucumber.runtime.java.ObjectFactoryLoader loadSingleObjectFactory
INFO: Loading ObjectFactory via service loader: io.cucumber.picocontainer.PicoFactory
Starting ChromeDriver 114.0.5735.90 (386bc09e8f4f2e025eddae123f36f6263096ae49-refs/branch-heads/5735@{#1052}) on port 4993
Only local connections are allowed.
Please see https://chromedriver.chromium.org/security-considerations for suggestions on keeping ChromeDriver safe.
ChromeDriver was started successfully.
Jul. 03, 2023 12:08:15 A.M. org.openqa.selenium.remote.ProtocolHandshake createSession
INFO: Detected dialect: W3C
Jul. 03, 2023 12:08:38 A.M. com.testapp.automation.browser.AbstractPage screenCapture
INFO: TEST PASSED
]]></system-err>
  </testcase>
  <testcase name="2-Validate the background color" classname="Testing TestApp admin application" time="30.993">
    <system-out><![CDATA[
  Background: User is Logged In                                # src/main/resources/features/TestApp.feature:5
    Given the user navigate to environment                     # NavigationSteps.theUserNavigateToEnvironment()
    When the user enters username "prajwala.r.122@outlook.com" # TestAppLoginSteps.theUserEntersUserName(String)
    When the user enters password "tapclicks"                  # TestAppLoginSteps.theUserEntersPassword(String)
    Then click on login button                                 # TestAppLoginSteps.clickOnLoginButton()
    When user clicks on admin nav                              # TestAppAdminSteps.userClicksOnAdminNav()
    And click on platform settings                             # TestAppAdminSteps.clickOnPlatformSettings()

  @testApps @regression @smoke @testApps2
  Scenario: 2-Validate the background color                    # src/main/resources/features/TestApp.feature:23
    When user select "light" mode                              # TestAppAdminSteps.userSelectMode(String)
    When the user is logged out                                # TestAppLoginSteps.theUserIsLoggedOut()
    Given the user navigate to environment                     # NavigationSteps.theUserNavigateToEnvironment()
Color: #ffffff
    Then validate the background color is updated to "#363636" # TestAppAdminSteps.validateTheBackgroundColor(String)
    When the user enters username "prajwala.r.122@outlook.com" # TestAppLoginSteps.theUserEntersUserName(String)
    When the user enters password "tapclicks"                  # TestAppLoginSteps.theUserEntersPassword(String)
    Then click on login button                                 # TestAppLoginSteps.clickOnLoginButton()
    When user clicks on admin nav                              # TestAppAdminSteps.userClicksOnAdminNav()
    And click on platform settings                             # TestAppAdminSteps.clickOnPlatformSettings()
    When user select "dark" mode                               # TestAppAdminSteps.userSelectMode(String)
    When the user is logged out                                # TestAppLoginSteps.theUserIsLoggedOut()
    Given the user navigate to environment                     # NavigationSteps.theUserNavigateToEnvironment()
Color: #ffffff
    Then validate the background color is updated to "#fafafa" # TestAppAdminSteps.validateTheBackgroundColor(String)
]]></system-out>
    <system-err><![CDATA[Jul. 03, 2023 12:09:09 A.M. com.testapp.automation.browser.AbstractPage screenCapture
INFO: TEST PASSED
]]></system-err>
  </testcase>
  <testcase name="3-Validate the app name change" classname="Testing TestApp admin application" time="16.345">
    <system-out><![CDATA[
  Background: User is Logged In                                # src/main/resources/features/TestApp.feature:5
    Given the user navigate to environment                     # NavigationSteps.theUserNavigateToEnvironment()
    When the user enters username "prajwala.r.122@outlook.com" # TestAppLoginSteps.theUserEntersUserName(String)
    When the user enters password "tapclicks"                  # TestAppLoginSteps.theUserEntersPassword(String)
    Then click on login button                                 # TestAppLoginSteps.clickOnLoginButton()
    When user clicks on admin nav                              # TestAppAdminSteps.userClicksOnAdminNav()
    And click on platform settings                             # TestAppAdminSteps.clickOnPlatformSettings()

  @testApps @regression @smoke @testApps3
  Scenario: 3-Validate the app name change        # src/main/resources/features/TestApp.feature:39
    When user clicks on application tab           # TestAppAdminSteps.userClicksOnApplicationTab()
    Then update the application name              # TestAppAdminSteps.updateTheApplicationName()
    Then validate the application name is updated # TestAppAdminSteps.validateTheApplicationNameIsUpdated()
]]></system-out>
    <system-err><![CDATA[Jul. 03, 2023 12:09:25 A.M. com.testapp.automation.browser.AbstractPage screenCapture
INFO: TEST PASSED
]]></system-err>
  </testcase>
</testsuite>